{"contracts/Lottery.sol":{"l":{"57":3,"58":3,"59":3,"60":3,"61":3,"62":3,"63":3,"64":3,"68":5,"69":1,"71":4,"72":1,"74":3,"75":3,"93":1,"94":1,"95":1,"96":1,"97":1,"98":1,"108":1,"109":1,"110":0,"116":1,"117":1,"124":1,"136":0,"137":0,"138":0,"139":0,"140":0,"141":0,"142":0,"143":0,"144":0,"146":0,"152":1,"156":0,"160":0,"164":0,"168":1,"172":0,"176":5,"180":5,"184":0},"path":"/home/same/Desktop/LotteryContract/contracts/Lottery.sol","s":{"1":5,"2":4,"3":3,"4":3,"5":1,"6":1,"7":1,"8":1,"9":1,"10":1,"11":1,"12":1,"13":1,"14":0,"15":0,"16":0,"17":0,"18":0,"19":1,"20":0,"21":0,"22":0,"23":1,"24":0,"25":5,"26":5,"27":0},"b":{"1":[1,4],"2":[1,3],"3":[0,1],"4":[0,0]},"f":{"1":3,"2":5,"3":1,"4":1,"5":0,"6":1,"7":0,"8":0,"9":0,"10":1,"11":0,"12":5,"13":5,"14":0},"fnMap":{"1":{"name":"constructor","line":56,"loc":{"start":{"line":49,"column":4},"end":{"line":65,"column":4}}},"2":{"name":"enterLottery","line":67,"loc":{"start":{"line":67,"column":4},"end":{"line":78,"column":4}}},"3":{"name":"checkUpkeep","line":90,"loc":{"start":{"line":90,"column":4},"end":{"line":101,"column":4}}},"4":{"name":"performUpkeep","line":107,"loc":{"start":{"line":107,"column":4},"end":{"line":125,"column":4}}},"5":{"name":"fulfillRandomWords","line":132,"loc":{"start":{"line":132,"column":4},"end":{"line":147,"column":4}}},"6":{"name":"getLotteryState","line":151,"loc":{"start":{"line":151,"column":4},"end":{"line":153,"column":4}}},"7":{"name":"getNumWords","line":155,"loc":{"start":{"line":155,"column":4},"end":{"line":157,"column":4}}},"8":{"name":"getRequestConfirmations","line":159,"loc":{"start":{"line":159,"column":4},"end":{"line":161,"column":4}}},"9":{"name":"getRecentWinner","line":163,"loc":{"start":{"line":163,"column":4},"end":{"line":165,"column":4}}},"10":{"name":"getPlayer","line":167,"loc":{"start":{"line":167,"column":4},"end":{"line":169,"column":4}}},"11":{"name":"getLastTimeStamp","line":171,"loc":{"start":{"line":171,"column":4},"end":{"line":173,"column":4}}},"12":{"name":"getInterval","line":175,"loc":{"start":{"line":175,"column":4},"end":{"line":177,"column":4}}},"13":{"name":"getEntranceFee","line":179,"loc":{"start":{"line":179,"column":4},"end":{"line":181,"column":4}}},"14":{"name":"getNumberOfPlayers","line":183,"loc":{"start":{"line":183,"column":4},"end":{"line":185,"column":4}}}},"statementMap":{"1":{"start":{"line":68,"column":8},"end":{"line":68,"column":2307}},"2":{"start":{"line":71,"column":8},"end":{"line":71,"column":2409}},"3":{"start":{"line":74,"column":8},"end":{"line":74,"column":42}},"4":{"start":{"line":75,"column":8},"end":{"line":75,"column":37}},"5":{"start":{"line":93,"column":8},"end":{"line":93,"column":59}},"6":{"start":{"line":94,"column":8},"end":{"line":94,"column":74}},"7":{"start":{"line":95,"column":8},"end":{"line":95,"column":48}},"8":{"start":{"line":96,"column":8},"end":{"line":96,"column":51}},"9":{"start":{"line":98,"column":8},"end":{"line":98,"column":36}},"10":{"start":{"line":108,"column":8},"end":{"line":108,"column":47}},"11":{"start":{"line":109,"column":8},"end":{"line":109,"column":4041}},"12":{"start":{"line":117,"column":8},"end":{"line":117,"column":4305}},"13":{"start":{"line":124,"column":8},"end":{"line":124,"column":46}},"14":{"start":{"line":136,"column":8},"end":{"line":136,"column":66}},"15":{"start":{"line":137,"column":8},"end":{"line":137,"column":63}},"16":{"start":{"line":142,"column":8},"end":{"line":142,"column":78}},"17":{"start":{"line":143,"column":8},"end":{"line":143,"column":5216}},"18":{"start":{"line":146,"column":8},"end":{"line":146,"column":39}},"19":{"start":{"line":152,"column":8},"end":{"line":152,"column":29}},"20":{"start":{"line":156,"column":8},"end":{"line":156,"column":24}},"21":{"start":{"line":160,"column":8},"end":{"line":160,"column":36}},"22":{"start":{"line":164,"column":8},"end":{"line":164,"column":29}},"23":{"start":{"line":168,"column":8},"end":{"line":168,"column":31}},"24":{"start":{"line":172,"column":8},"end":{"line":172,"column":30}},"25":{"start":{"line":176,"column":8},"end":{"line":176,"column":25}},"26":{"start":{"line":180,"column":8},"end":{"line":180,"column":28}},"27":{"start":{"line":184,"column":8},"end":{"line":184,"column":31}}},"branchMap":{"1":{"line":68,"type":"if","locations":[{"start":{"line":68,"column":8},"end":{"line":68,"column":8}},{"start":{"line":68,"column":8},"end":{"line":68,"column":8}}]},"2":{"line":71,"type":"if","locations":[{"start":{"line":71,"column":8},"end":{"line":71,"column":8}},{"start":{"line":71,"column":8},"end":{"line":71,"column":8}}]},"3":{"line":109,"type":"if","locations":[{"start":{"line":109,"column":8},"end":{"line":109,"column":8}},{"start":{"line":109,"column":8},"end":{"line":109,"column":8}}]},"4":{"line":143,"type":"if","locations":[{"start":{"line":143,"column":8},"end":{"line":143,"column":8}},{"start":{"line":143,"column":8},"end":{"line":143,"column":8}}]}}},"contracts/test/VRFCoordinatorV2Mock.sol":{"l":{},"path":"/home/same/Desktop/LotteryContract/contracts/test/VRFCoordinatorV2Mock.sol","s":{},"b":{},"f":{},"fnMap":{},"statementMap":{},"branchMap":{}}}